

Started GET "/" for ::1 at 2016-07-20 13:14:18 +0100

ActiveRecord::NoDatabaseError (FATAL:  database "loladatabase_development" does not exist
):
  activerecord (4.2.6) lib/active_record/connection_adapters/postgresql_adapter.rb:661:in `rescue in connect'
  activerecord (4.2.6) lib/active_record/connection_adapters/postgresql_adapter.rb:651:in `connect'
  activerecord (4.2.6) lib/active_record/connection_adapters/postgresql_adapter.rb:242:in `initialize'
  activerecord (4.2.6) lib/active_record/connection_adapters/postgresql_adapter.rb:44:in `new'
  activerecord (4.2.6) lib/active_record/connection_adapters/postgresql_adapter.rb:44:in `postgresql_connection'
  activerecord (4.2.6) lib/active_record/connection_adapters/abstract/connection_pool.rb:438:in `new_connection'
  activerecord (4.2.6) lib/active_record/connection_adapters/abstract/connection_pool.rb:448:in `checkout_new_connection'
  activerecord (4.2.6) lib/active_record/connection_adapters/abstract/connection_pool.rb:422:in `acquire_connection'
  activerecord (4.2.6) lib/active_record/connection_adapters/abstract/connection_pool.rb:349:in `block in checkout'
  /Users/Caroline/.rbenv/versions/2.2.3/lib/ruby/2.2.0/monitor.rb:211:in `mon_synchronize'
  activerecord (4.2.6) lib/active_record/connection_adapters/abstract/connection_pool.rb:348:in `checkout'
  activerecord (4.2.6) lib/active_record/connection_adapters/abstract/connection_pool.rb:263:in `block in connection'
  /Users/Caroline/.rbenv/versions/2.2.3/lib/ruby/2.2.0/monitor.rb:211:in `mon_synchronize'
  activerecord (4.2.6) lib/active_record/connection_adapters/abstract/connection_pool.rb:262:in `connection'
  activerecord (4.2.6) lib/active_record/connection_adapters/abstract/connection_pool.rb:571:in `retrieve_connection'
  activerecord (4.2.6) lib/active_record/connection_handling.rb:113:in `retrieve_connection'
  activerecord (4.2.6) lib/active_record/connection_handling.rb:87:in `connection'
  activerecord (4.2.6) lib/active_record/migration.rb:383:in `connection'
  activerecord (4.2.6) lib/active_record/migration.rb:370:in `call'
  actionpack (4.2.6) lib/action_dispatch/middleware/callbacks.rb:29:in `block in call'
  activesupport (4.2.6) lib/active_support/callbacks.rb:88:in `__run_callbacks__'
  activesupport (4.2.6) lib/active_support/callbacks.rb:778:in `_run_call_callbacks'
  activesupport (4.2.6) lib/active_support/callbacks.rb:81:in `run_callbacks'
  actionpack (4.2.6) lib/action_dispatch/middleware/callbacks.rb:27:in `call'
  actionpack (4.2.6) lib/action_dispatch/middleware/reloader.rb:73:in `call'
  actionpack (4.2.6) lib/action_dispatch/middleware/remote_ip.rb:78:in `call'
  actionpack (4.2.6) lib/action_dispatch/middleware/debug_exceptions.rb:17:in `call'
  web-console (2.3.0) lib/web_console/middleware.rb:28:in `block in call'
  web-console (2.3.0) lib/web_console/middleware.rb:18:in `catch'
  web-console (2.3.0) lib/web_console/middleware.rb:18:in `call'
  actionpack (4.2.6) lib/action_dispatch/middleware/show_exceptions.rb:30:in `call'
  railties (4.2.6) lib/rails/rack/logger.rb:38:in `call_app'
  railties (4.2.6) lib/rails/rack/logger.rb:20:in `block in call'
  activesupport (4.2.6) lib/active_support/tagged_logging.rb:68:in `block in tagged'
  activesupport (4.2.6) lib/active_support/tagged_logging.rb:26:in `tagged'
  activesupport (4.2.6) lib/active_support/tagged_logging.rb:68:in `tagged'
  railties (4.2.6) lib/rails/rack/logger.rb:20:in `call'
  actionpack (4.2.6) lib/action_dispatch/middleware/request_id.rb:21:in `call'
  rack (1.6.4) lib/rack/methodoverride.rb:22:in `call'
  rack (1.6.4) lib/rack/runtime.rb:18:in `call'
  activesupport (4.2.6) lib/active_support/cache/strategy/local_cache_middleware.rb:28:in `call'
  rack (1.6.4) lib/rack/lock.rb:17:in `call'
  actionpack (4.2.6) lib/action_dispatch/middleware/static.rb:120:in `call'
  rack (1.6.4) lib/rack/sendfile.rb:113:in `call'
  railties (4.2.6) lib/rails/engine.rb:518:in `call'
  railties (4.2.6) lib/rails/application.rb:165:in `call'
  rack (1.6.4) lib/rack/lock.rb:17:in `call'
  rack (1.6.4) lib/rack/content_length.rb:15:in `call'
  rack (1.6.4) lib/rack/handler/webrick.rb:88:in `service'
  /Users/Caroline/.rbenv/versions/2.2.3/lib/ruby/2.2.0/webrick/httpserver.rb:138:in `service'
  /Users/Caroline/.rbenv/versions/2.2.3/lib/ruby/2.2.0/webrick/httpserver.rb:94:in `run'
  /Users/Caroline/.rbenv/versions/2.2.3/lib/ruby/2.2.0/webrick/server.rb:294:in `block in start_thread'


  Rendered /Users/Caroline/.rbenv/versions/2.2.3/lib/ruby/gems/2.2.0/gems/actionpack-4.2.6/lib/action_dispatch/middleware/templates/rescues/_source.erb (4.3ms)
  Rendered /Users/Caroline/.rbenv/versions/2.2.3/lib/ruby/gems/2.2.0/gems/actionpack-4.2.6/lib/action_dispatch/middleware/templates/rescues/_trace.html.erb (1.5ms)
  Rendered /Users/Caroline/.rbenv/versions/2.2.3/lib/ruby/gems/2.2.0/gems/actionpack-4.2.6/lib/action_dispatch/middleware/templates/rescues/_request_and_response.html.erb (6.0ms)
  Rendered /Users/Caroline/.rbenv/versions/2.2.3/lib/ruby/gems/2.2.0/gems/actionpack-4.2.6/lib/action_dispatch/middleware/templates/rescues/diagnostics.html.erb within rescues/layout (65.8ms)
  Rendered /Users/Caroline/.rbenv/versions/2.2.3/lib/ruby/gems/2.2.0/gems/web-console-2.3.0/lib/web_console/templates/_markup.html.erb (0.4ms)
  Rendered /Users/Caroline/.rbenv/versions/2.2.3/lib/ruby/gems/2.2.0/gems/web-console-2.3.0/lib/web_console/templates/_inner_console_markup.html.erb within layouts/inlined_string (0.7ms)
  Rendered /Users/Caroline/.rbenv/versions/2.2.3/lib/ruby/gems/2.2.0/gems/web-console-2.3.0/lib/web_console/templates/_prompt_box_markup.html.erb within layouts/inlined_string (0.3ms)
  Rendered /Users/Caroline/.rbenv/versions/2.2.3/lib/ruby/gems/2.2.0/gems/web-console-2.3.0/lib/web_console/templates/style.css.erb within layouts/inlined_string (0.3ms)
  Rendered /Users/Caroline/.rbenv/versions/2.2.3/lib/ruby/gems/2.2.0/gems/web-console-2.3.0/lib/web_console/templates/console.js.erb within layouts/javascript (63.7ms)
  Rendered /Users/Caroline/.rbenv/versions/2.2.3/lib/ruby/gems/2.2.0/gems/web-console-2.3.0/lib/web_console/templates/main.js.erb within layouts/javascript (0.3ms)
  Rendered /Users/Caroline/.rbenv/versions/2.2.3/lib/ruby/gems/2.2.0/gems/web-console-2.3.0/lib/web_console/templates/error_page.js.erb within layouts/javascript (0.5ms)
  Rendered /Users/Caroline/.rbenv/versions/2.2.3/lib/ruby/gems/2.2.0/gems/web-console-2.3.0/lib/web_console/templates/index.html.erb (133.2ms)


Started GET "/" for ::1 at 2016-07-20 13:18:11 +0100

ActiveRecord::NoDatabaseError (FATAL:  database "loladatabase_development" does not exist
):
  activerecord (4.2.6) lib/active_record/connection_adapters/postgresql_adapter.rb:661:in `rescue in connect'
  activerecord (4.2.6) lib/active_record/connection_adapters/postgresql_adapter.rb:651:in `connect'
  activerecord (4.2.6) lib/active_record/connection_adapters/postgresql_adapter.rb:242:in `initialize'
  activerecord (4.2.6) lib/active_record/connection_adapters/postgresql_adapter.rb:44:in `new'
  activerecord (4.2.6) lib/active_record/connection_adapters/postgresql_adapter.rb:44:in `postgresql_connection'
  activerecord (4.2.6) lib/active_record/connection_adapters/abstract/connection_pool.rb:438:in `new_connection'
  activerecord (4.2.6) lib/active_record/connection_adapters/abstract/connection_pool.rb:448:in `checkout_new_connection'
  activerecord (4.2.6) lib/active_record/connection_adapters/abstract/connection_pool.rb:422:in `acquire_connection'
  activerecord (4.2.6) lib/active_record/connection_adapters/abstract/connection_pool.rb:349:in `block in checkout'
  /Users/Caroline/.rbenv/versions/2.2.3/lib/ruby/2.2.0/monitor.rb:211:in `mon_synchronize'
  activerecord (4.2.6) lib/active_record/connection_adapters/abstract/connection_pool.rb:348:in `checkout'
  activerecord (4.2.6) lib/active_record/connection_adapters/abstract/connection_pool.rb:263:in `block in connection'
  /Users/Caroline/.rbenv/versions/2.2.3/lib/ruby/2.2.0/monitor.rb:211:in `mon_synchronize'
  activerecord (4.2.6) lib/active_record/connection_adapters/abstract/connection_pool.rb:262:in `connection'
  activerecord (4.2.6) lib/active_record/connection_adapters/abstract/connection_pool.rb:571:in `retrieve_connection'
  activerecord (4.2.6) lib/active_record/connection_handling.rb:113:in `retrieve_connection'
  activerecord (4.2.6) lib/active_record/connection_handling.rb:87:in `connection'
  activerecord (4.2.6) lib/active_record/migration.rb:383:in `connection'
  activerecord (4.2.6) lib/active_record/migration.rb:370:in `call'
  actionpack (4.2.6) lib/action_dispatch/middleware/callbacks.rb:29:in `block in call'
  activesupport (4.2.6) lib/active_support/callbacks.rb:88:in `__run_callbacks__'
  activesupport (4.2.6) lib/active_support/callbacks.rb:778:in `_run_call_callbacks'
  activesupport (4.2.6) lib/active_support/callbacks.rb:81:in `run_callbacks'
  actionpack (4.2.6) lib/action_dispatch/middleware/callbacks.rb:27:in `call'
  actionpack (4.2.6) lib/action_dispatch/middleware/reloader.rb:73:in `call'
  actionpack (4.2.6) lib/action_dispatch/middleware/remote_ip.rb:78:in `call'
  actionpack (4.2.6) lib/action_dispatch/middleware/debug_exceptions.rb:17:in `call'
  web-console (2.3.0) lib/web_console/middleware.rb:28:in `block in call'
  web-console (2.3.0) lib/web_console/middleware.rb:18:in `catch'
  web-console (2.3.0) lib/web_console/middleware.rb:18:in `call'
  actionpack (4.2.6) lib/action_dispatch/middleware/show_exceptions.rb:30:in `call'
  railties (4.2.6) lib/rails/rack/logger.rb:38:in `call_app'
  railties (4.2.6) lib/rails/rack/logger.rb:20:in `block in call'
  activesupport (4.2.6) lib/active_support/tagged_logging.rb:68:in `block in tagged'
  activesupport (4.2.6) lib/active_support/tagged_logging.rb:26:in `tagged'
  activesupport (4.2.6) lib/active_support/tagged_logging.rb:68:in `tagged'
  railties (4.2.6) lib/rails/rack/logger.rb:20:in `call'
  actionpack (4.2.6) lib/action_dispatch/middleware/request_id.rb:21:in `call'
  rack (1.6.4) lib/rack/methodoverride.rb:22:in `call'
  rack (1.6.4) lib/rack/runtime.rb:18:in `call'
  activesupport (4.2.6) lib/active_support/cache/strategy/local_cache_middleware.rb:28:in `call'
  rack (1.6.4) lib/rack/lock.rb:17:in `call'
  actionpack (4.2.6) lib/action_dispatch/middleware/static.rb:120:in `call'
  rack (1.6.4) lib/rack/sendfile.rb:113:in `call'
  railties (4.2.6) lib/rails/engine.rb:518:in `call'
  railties (4.2.6) lib/rails/application.rb:165:in `call'
  rack (1.6.4) lib/rack/lock.rb:17:in `call'
  rack (1.6.4) lib/rack/content_length.rb:15:in `call'
  rack (1.6.4) lib/rack/handler/webrick.rb:88:in `service'
  /Users/Caroline/.rbenv/versions/2.2.3/lib/ruby/2.2.0/webrick/httpserver.rb:138:in `service'
  /Users/Caroline/.rbenv/versions/2.2.3/lib/ruby/2.2.0/webrick/httpserver.rb:94:in `run'
  /Users/Caroline/.rbenv/versions/2.2.3/lib/ruby/2.2.0/webrick/server.rb:294:in `block in start_thread'


  Rendered /Users/Caroline/.rbenv/versions/2.2.3/lib/ruby/gems/2.2.0/gems/actionpack-4.2.6/lib/action_dispatch/middleware/templates/rescues/_source.erb (3.4ms)
  Rendered /Users/Caroline/.rbenv/versions/2.2.3/lib/ruby/gems/2.2.0/gems/actionpack-4.2.6/lib/action_dispatch/middleware/templates/rescues/_trace.html.erb (1.8ms)
  Rendered /Users/Caroline/.rbenv/versions/2.2.3/lib/ruby/gems/2.2.0/gems/actionpack-4.2.6/lib/action_dispatch/middleware/templates/rescues/_request_and_response.html.erb (0.8ms)
  Rendered /Users/Caroline/.rbenv/versions/2.2.3/lib/ruby/gems/2.2.0/gems/actionpack-4.2.6/lib/action_dispatch/middleware/templates/rescues/diagnostics.html.erb within rescues/layout (55.3ms)
  Rendered /Users/Caroline/.rbenv/versions/2.2.3/lib/ruby/gems/2.2.0/gems/web-console-2.3.0/lib/web_console/templates/_markup.html.erb (0.3ms)
  Rendered /Users/Caroline/.rbenv/versions/2.2.3/lib/ruby/gems/2.2.0/gems/web-console-2.3.0/lib/web_console/templates/_inner_console_markup.html.erb within layouts/inlined_string (0.3ms)
  Rendered /Users/Caroline/.rbenv/versions/2.2.3/lib/ruby/gems/2.2.0/gems/web-console-2.3.0/lib/web_console/templates/_prompt_box_markup.html.erb within layouts/inlined_string (0.6ms)
  Rendered /Users/Caroline/.rbenv/versions/2.2.3/lib/ruby/gems/2.2.0/gems/web-console-2.3.0/lib/web_console/templates/style.css.erb within layouts/inlined_string (0.5ms)
  Rendered /Users/Caroline/.rbenv/versions/2.2.3/lib/ruby/gems/2.2.0/gems/web-console-2.3.0/lib/web_console/templates/console.js.erb within layouts/javascript (49.9ms)
  Rendered /Users/Caroline/.rbenv/versions/2.2.3/lib/ruby/gems/2.2.0/gems/web-console-2.3.0/lib/web_console/templates/main.js.erb within layouts/javascript (0.3ms)
  Rendered /Users/Caroline/.rbenv/versions/2.2.3/lib/ruby/gems/2.2.0/gems/web-console-2.3.0/lib/web_console/templates/error_page.js.erb within layouts/javascript (0.5ms)
  Rendered /Users/Caroline/.rbenv/versions/2.2.3/lib/ruby/gems/2.2.0/gems/web-console-2.3.0/lib/web_console/templates/index.html.erb (106.7ms)


Started GET "/" for ::1 at 2016-07-20 13:18:53 +0100
Processing by Rails::WelcomeController#index as HTML
  Rendered /Users/Caroline/.rbenv/versions/2.2.3/lib/ruby/gems/2.2.0/gems/railties-4.2.6/lib/rails/templates/rails/welcome/index.html.erb (0.6ms)
Completed 200 OK in 16ms (Views: 7.3ms | ActiveRecord: 0.0ms)


Started GET "/dresses" for ::1 at 2016-07-20 13:18:59 +0100

ActionController::RoutingError (No route matches [GET] "/dresses"):
  actionpack (4.2.6) lib/action_dispatch/middleware/debug_exceptions.rb:21:in `call'
  web-console (2.3.0) lib/web_console/middleware.rb:28:in `block in call'
  web-console (2.3.0) lib/web_console/middleware.rb:18:in `catch'
  web-console (2.3.0) lib/web_console/middleware.rb:18:in `call'
  actionpack (4.2.6) lib/action_dispatch/middleware/show_exceptions.rb:30:in `call'
  railties (4.2.6) lib/rails/rack/logger.rb:38:in `call_app'
  railties (4.2.6) lib/rails/rack/logger.rb:20:in `block in call'
  activesupport (4.2.6) lib/active_support/tagged_logging.rb:68:in `block in tagged'
  activesupport (4.2.6) lib/active_support/tagged_logging.rb:26:in `tagged'
  activesupport (4.2.6) lib/active_support/tagged_logging.rb:68:in `tagged'
  railties (4.2.6) lib/rails/rack/logger.rb:20:in `call'
  actionpack (4.2.6) lib/action_dispatch/middleware/request_id.rb:21:in `call'
  rack (1.6.4) lib/rack/methodoverride.rb:22:in `call'
  rack (1.6.4) lib/rack/runtime.rb:18:in `call'
  activesupport (4.2.6) lib/active_support/cache/strategy/local_cache_middleware.rb:28:in `call'
  rack (1.6.4) lib/rack/lock.rb:17:in `call'
  actionpack (4.2.6) lib/action_dispatch/middleware/static.rb:120:in `call'
  rack (1.6.4) lib/rack/sendfile.rb:113:in `call'
  railties (4.2.6) lib/rails/engine.rb:518:in `call'
  railties (4.2.6) lib/rails/application.rb:165:in `call'
  rack (1.6.4) lib/rack/lock.rb:17:in `call'
  rack (1.6.4) lib/rack/content_length.rb:15:in `call'
  rack (1.6.4) lib/rack/handler/webrick.rb:88:in `service'
  /Users/Caroline/.rbenv/versions/2.2.3/lib/ruby/2.2.0/webrick/httpserver.rb:138:in `service'
  /Users/Caroline/.rbenv/versions/2.2.3/lib/ruby/2.2.0/webrick/httpserver.rb:94:in `run'
  /Users/Caroline/.rbenv/versions/2.2.3/lib/ruby/2.2.0/webrick/server.rb:294:in `block in start_thread'


  Rendered /Users/Caroline/.rbenv/versions/2.2.3/lib/ruby/gems/2.2.0/gems/actionpack-4.2.6/lib/action_dispatch/middleware/templates/rescues/_trace.html.erb (1.1ms)
  Rendered /Users/Caroline/.rbenv/versions/2.2.3/lib/ruby/gems/2.2.0/gems/actionpack-4.2.6/lib/action_dispatch/middleware/templates/routes/_route.html.erb (1.4ms)
  Rendered /Users/Caroline/.rbenv/versions/2.2.3/lib/ruby/gems/2.2.0/gems/actionpack-4.2.6/lib/action_dispatch/middleware/templates/routes/_table.html.erb (9.2ms)
  Rendered /Users/Caroline/.rbenv/versions/2.2.3/lib/ruby/gems/2.2.0/gems/actionpack-4.2.6/lib/action_dispatch/middleware/templates/rescues/_request_and_response.html.erb (1.8ms)
  Rendered /Users/Caroline/.rbenv/versions/2.2.3/lib/ruby/gems/2.2.0/gems/actionpack-4.2.6/lib/action_dispatch/middleware/templates/rescues/routing_error.html.erb within rescues/layout (82.6ms)
  Rendered /Users/Caroline/.rbenv/versions/2.2.3/lib/ruby/gems/2.2.0/gems/web-console-2.3.0/lib/web_console/templates/_markup.html.erb (0.4ms)
  Rendered /Users/Caroline/.rbenv/versions/2.2.3/lib/ruby/gems/2.2.0/gems/web-console-2.3.0/lib/web_console/templates/_inner_console_markup.html.erb within layouts/inlined_string (0.3ms)
  Rendered /Users/Caroline/.rbenv/versions/2.2.3/lib/ruby/gems/2.2.0/gems/web-console-2.3.0/lib/web_console/templates/_prompt_box_markup.html.erb within layouts/inlined_string (0.3ms)
  Rendered /Users/Caroline/.rbenv/versions/2.2.3/lib/ruby/gems/2.2.0/gems/web-console-2.3.0/lib/web_console/templates/style.css.erb within layouts/inlined_string (0.3ms)
  Rendered /Users/Caroline/.rbenv/versions/2.2.3/lib/ruby/gems/2.2.0/gems/web-console-2.3.0/lib/web_console/templates/console.js.erb within layouts/javascript (51.7ms)
  Rendered /Users/Caroline/.rbenv/versions/2.2.3/lib/ruby/gems/2.2.0/gems/web-console-2.3.0/lib/web_console/templates/main.js.erb within layouts/javascript (0.3ms)
  Rendered /Users/Caroline/.rbenv/versions/2.2.3/lib/ruby/gems/2.2.0/gems/web-console-2.3.0/lib/web_console/templates/error_page.js.erb within layouts/javascript (0.4ms)
  Rendered /Users/Caroline/.rbenv/versions/2.2.3/lib/ruby/gems/2.2.0/gems/web-console-2.3.0/lib/web_console/templates/index.html.erb (107.3ms)


Started GET "/dresses/index" for ::1 at 2016-07-20 13:19:08 +0100
Processing by DressesController#index as HTML
  Rendered dresses/index.html.erb within layouts/application (0.3ms)
Completed 200 OK in 691ms (Views: 690.5ms | ActiveRecord: 0.0ms)


Started GET "/assets/application.self-e80e8f2318043e8af94dddc2adad5a4f09739a8ebb323b3ab31cd71d45fd9113.css?body=1" for ::1 at 2016-07-20 13:19:09 +0100


Started GET "/assets/dresses.self-e3b0c44298fc1c149afbf4c8996fb92427ae41e4649b934ca495991b7852b855.css?body=1" for ::1 at 2016-07-20 13:19:09 +0100


Started GET "/assets/jquery.self-660adc51e0224b731d29f575a6f1ec167ba08ad06ed5deca4f1e8654c135bf4c.js?body=1" for ::1 at 2016-07-20 13:19:09 +0100


Started GET "/assets/jquery_ujs.self-e87806d0cf4489aeb1bb7288016024e8de67fd18db693fe026fe3907581e53cd.js?body=1" for ::1 at 2016-07-20 13:19:09 +0100


Started GET "/assets/turbolinks.self-c5acd7a204f5f25ce7a1d8a0e4d92e28d34c9e2df2c7371cd7af88e147e4ad82.js?body=1" for ::1 at 2016-07-20 13:19:09 +0100


Started GET "/assets/dresses.self-877aef30ae1b040ab8a3aba4e3e309a11d7f2612f44dde450b5c157aa5f95c05.js?body=1" for ::1 at 2016-07-20 13:19:09 +0100


Started GET "/assets/application.self-3b8dabdc891efe46b9a144b400ad69e37d7e5876bdc39dee783419a69d7ca819.js?body=1" for ::1 at 2016-07-20 13:19:09 +0100


Started GET "/dresses/index" for ::1 at 2016-07-20 13:20:06 +0100
Processing by DressesController#index as HTML
  Rendered dresses/index.html.erb within layouts/application (0.0ms)
Completed 200 OK in 16ms (Views: 14.6ms | ActiveRecord: 0.0ms)


Started GET "/assets/dresses.self-e3b0c44298fc1c149afbf4c8996fb92427ae41e4649b934ca495991b7852b855.css?body=1" for ::1 at 2016-07-20 13:20:06 +0100


Started GET "/assets/dresses.self-877aef30ae1b040ab8a3aba4e3e309a11d7f2612f44dde450b5c157aa5f95c05.js?body=1" for ::1 at 2016-07-20 13:20:06 +0100


Started GET "/assets/turbolinks.self-c5acd7a204f5f25ce7a1d8a0e4d92e28d34c9e2df2c7371cd7af88e147e4ad82.js?body=1" for ::1 at 2016-07-20 13:20:06 +0100


Started GET "/assets/jquery.self-660adc51e0224b731d29f575a6f1ec167ba08ad06ed5deca4f1e8654c135bf4c.js?body=1" for ::1 at 2016-07-20 13:20:06 +0100


Started GET "/assets/jquery_ujs.self-e87806d0cf4489aeb1bb7288016024e8de67fd18db693fe026fe3907581e53cd.js?body=1" for ::1 at 2016-07-20 13:20:06 +0100


Started GET "/assets/application.self-e80e8f2318043e8af94dddc2adad5a4f09739a8ebb323b3ab31cd71d45fd9113.css?body=1" for ::1 at 2016-07-20 13:20:06 +0100


Started GET "/assets/application.self-3b8dabdc891efe46b9a144b400ad69e37d7e5876bdc39dee783419a69d7ca819.js?body=1" for ::1 at 2016-07-20 13:20:06 +0100


Started GET "/" for ::1 at 2016-07-20 13:20:10 +0100
Processing by DressesController#index as HTML
  Rendered dresses/index.html.erb within layouts/application (0.0ms)
Completed 200 OK in 11ms (Views: 9.7ms | ActiveRecord: 0.0ms)


Started GET "/" for ::1 at 2016-07-20 13:20:12 +0100
Processing by DressesController#index as HTML
  Rendered dresses/index.html.erb within layouts/application (0.0ms)
Completed 200 OK in 11ms (Views: 10.6ms | ActiveRecord: 0.0ms)


Started GET "/assets/dresses.self-e3b0c44298fc1c149afbf4c8996fb92427ae41e4649b934ca495991b7852b855.css?body=1" for ::1 at 2016-07-20 13:20:12 +0100


Started GET "/assets/application.self-e80e8f2318043e8af94dddc2adad5a4f09739a8ebb323b3ab31cd71d45fd9113.css?body=1" for ::1 at 2016-07-20 13:20:12 +0100


Started GET "/assets/turbolinks.self-c5acd7a204f5f25ce7a1d8a0e4d92e28d34c9e2df2c7371cd7af88e147e4ad82.js?body=1" for ::1 at 2016-07-20 13:20:12 +0100


Started GET "/assets/jquery_ujs.self-e87806d0cf4489aeb1bb7288016024e8de67fd18db693fe026fe3907581e53cd.js?body=1" for ::1 at 2016-07-20 13:20:12 +0100


Started GET "/assets/jquery.self-660adc51e0224b731d29f575a6f1ec167ba08ad06ed5deca4f1e8654c135bf4c.js?body=1" for ::1 at 2016-07-20 13:20:12 +0100


Started GET "/assets/dresses.self-877aef30ae1b040ab8a3aba4e3e309a11d7f2612f44dde450b5c157aa5f95c05.js?body=1" for ::1 at 2016-07-20 13:20:12 +0100


Started GET "/assets/application.self-3b8dabdc891efe46b9a144b400ad69e37d7e5876bdc39dee783419a69d7ca819.js?body=1" for ::1 at 2016-07-20 13:20:12 +0100


Started GET "/" for ::1 at 2016-07-20 13:47:55 +0100
Processing by DressesController#index as HTML
  Rendered dresses/index.html.erb within layouts/application (0.0ms)
Completed 500 Internal Server Error in 64ms (ActiveRecord: 0.0ms)

ActionView::Template::Error (File to import not found or unreadable: foundation/functions.
Load paths:
  /Users/Caroline/development/LolaDB/app/assets/images
  /Users/Caroline/development/LolaDB/app/assets/javascripts
  /Users/Caroline/development/LolaDB/app/assets/stylesheets
  /Users/Caroline/development/LolaDB/vendor/assets/javascripts
  /Users/Caroline/development/LolaDB/vendor/assets/stylesheets
  /Users/Caroline/.rbenv/versions/2.2.3/lib/ruby/gems/2.2.0/gems/jquery-rails-4.1.1/vendor/assets/javascripts
  /Users/Caroline/.rbenv/versions/2.2.3/lib/ruby/gems/2.2.0/gems/coffee-rails-4.1.1/lib/assets/javascripts
  /Users/Caroline/.rbenv/versions/2.2.3/lib/ruby/gems/2.2.0/gems/turbolinks-source-5.0.0/lib/assets/javascripts):
     6: 
     7:     <title><%= content_for?(:title) ? yield(:title) : "foundation-rails" %></title>
     8: 
     9:     <%= stylesheet_link_tag    "application" %>
    10:     <%= javascript_include_tag "vendor/modernizr" %>
    11:     <%= javascript_include_tag "application", 'data-turbolinks-track' => true %>
    12:     <%= csrf_meta_tags %>
  app/assets/stylesheets/foundation_and_overrides.scss:58
  app/views/layouts/application.html.erb:9:in `_app_views_layouts_application_html_erb__769560977353877057_70213310899820'


  Rendered /Users/Caroline/.rbenv/versions/2.2.3/lib/ruby/gems/2.2.0/gems/actionpack-4.2.6/lib/action_dispatch/middleware/templates/rescues/_source.erb (14.3ms)
  Rendered /Users/Caroline/.rbenv/versions/2.2.3/lib/ruby/gems/2.2.0/gems/actionpack-4.2.6/lib/action_dispatch/middleware/templates/rescues/_trace.html.erb (3.0ms)
  Rendered /Users/Caroline/.rbenv/versions/2.2.3/lib/ruby/gems/2.2.0/gems/actionpack-4.2.6/lib/action_dispatch/middleware/templates/rescues/_request_and_response.html.erb (0.8ms)
  Rendered /Users/Caroline/.rbenv/versions/2.2.3/lib/ruby/gems/2.2.0/gems/actionpack-4.2.6/lib/action_dispatch/middleware/templates/rescues/template_error.html.erb within rescues/layout (69.6ms)
  Rendered /Users/Caroline/.rbenv/versions/2.2.3/lib/ruby/gems/2.2.0/gems/web-console-2.3.0/lib/web_console/templates/_markup.html.erb (0.4ms)
  Rendered /Users/Caroline/.rbenv/versions/2.2.3/lib/ruby/gems/2.2.0/gems/web-console-2.3.0/lib/web_console/templates/_inner_console_markup.html.erb within layouts/inlined_string (0.3ms)
  Rendered /Users/Caroline/.rbenv/versions/2.2.3/lib/ruby/gems/2.2.0/gems/web-console-2.3.0/lib/web_console/templates/_prompt_box_markup.html.erb within layouts/inlined_string (0.3ms)
  Rendered /Users/Caroline/.rbenv/versions/2.2.3/lib/ruby/gems/2.2.0/gems/web-console-2.3.0/lib/web_console/templates/style.css.erb within layouts/inlined_string (0.4ms)
  Rendered /Users/Caroline/.rbenv/versions/2.2.3/lib/ruby/gems/2.2.0/gems/web-console-2.3.0/lib/web_console/templates/console.js.erb within layouts/javascript (57.1ms)
  Rendered /Users/Caroline/.rbenv/versions/2.2.3/lib/ruby/gems/2.2.0/gems/web-console-2.3.0/lib/web_console/templates/main.js.erb within layouts/javascript (0.3ms)
  Rendered /Users/Caroline/.rbenv/versions/2.2.3/lib/ruby/gems/2.2.0/gems/web-console-2.3.0/lib/web_console/templates/error_page.js.erb within layouts/javascript (0.4ms)
  Rendered /Users/Caroline/.rbenv/versions/2.2.3/lib/ruby/gems/2.2.0/gems/web-console-2.3.0/lib/web_console/templates/index.html.erb (129.9ms)


Started GET "/" for ::1 at 2016-07-20 13:49:53 +0100
Processing by DressesController#index as HTML
  Rendered dresses/index.html.erb within layouts/application (0.1ms)
Completed 500 Internal Server Error in 26ms (ActiveRecord: 0.0ms)

ActionView::Template::Error (File to import not found or unreadable: foundation/functions.
Load paths:
  /Users/Caroline/development/LolaDB/app/assets/images
  /Users/Caroline/development/LolaDB/app/assets/javascripts
  /Users/Caroline/development/LolaDB/app/assets/stylesheets
  /Users/Caroline/development/LolaDB/vendor/assets/javascripts
  /Users/Caroline/development/LolaDB/vendor/assets/stylesheets
  /Users/Caroline/.rbenv/versions/2.2.3/lib/ruby/gems/2.2.0/gems/jquery-rails-4.1.1/vendor/assets/javascripts
  /Users/Caroline/.rbenv/versions/2.2.3/lib/ruby/gems/2.2.0/gems/coffee-rails-4.1.1/lib/assets/javascripts
  /Users/Caroline/.rbenv/versions/2.2.3/lib/ruby/gems/2.2.0/gems/turbolinks-source-5.0.0/lib/assets/javascripts):
     6: 
     7:     <title><%= content_for?(:title) ? yield(:title) : "foundation-rails" %></title>
     8: 
     9:     <%= stylesheet_link_tag    "application" %>
    10:     <%= javascript_include_tag "vendor/modernizr" %>
    11:     <%= javascript_include_tag "application", 'data-turbolinks-track' => true %>
    12:     <%= csrf_meta_tags %>
  app/assets/stylesheets/foundation_and_overrides.scss:58
  app/views/layouts/application.html.erb:9:in `_app_views_layouts_application_html_erb__769560977353877057_70213310899820'


  Rendered /Users/Caroline/.rbenv/versions/2.2.3/lib/ruby/gems/2.2.0/gems/actionpack-4.2.6/lib/action_dispatch/middleware/templates/rescues/_source.erb (7.6ms)
  Rendered /Users/Caroline/.rbenv/versions/2.2.3/lib/ruby/gems/2.2.0/gems/actionpack-4.2.6/lib/action_dispatch/middleware/templates/rescues/_trace.html.erb (2.6ms)
  Rendered /Users/Caroline/.rbenv/versions/2.2.3/lib/ruby/gems/2.2.0/gems/actionpack-4.2.6/lib/action_dispatch/middleware/templates/rescues/_request_and_response.html.erb (0.8ms)
  Rendered /Users/Caroline/.rbenv/versions/2.2.3/lib/ruby/gems/2.2.0/gems/actionpack-4.2.6/lib/action_dispatch/middleware/templates/rescues/template_error.html.erb within rescues/layout (65.4ms)
  Rendered /Users/Caroline/.rbenv/versions/2.2.3/lib/ruby/gems/2.2.0/gems/web-console-2.3.0/lib/web_console/templates/_markup.html.erb (0.6ms)
  Rendered /Users/Caroline/.rbenv/versions/2.2.3/lib/ruby/gems/2.2.0/gems/web-console-2.3.0/lib/web_console/templates/_inner_console_markup.html.erb within layouts/inlined_string (0.3ms)
  Rendered /Users/Caroline/.rbenv/versions/2.2.3/lib/ruby/gems/2.2.0/gems/web-console-2.3.0/lib/web_console/templates/_prompt_box_markup.html.erb within layouts/inlined_string (0.3ms)
  Rendered /Users/Caroline/.rbenv/versions/2.2.3/lib/ruby/gems/2.2.0/gems/web-console-2.3.0/lib/web_console/templates/style.css.erb within layouts/inlined_string (0.3ms)
  Rendered /Users/Caroline/.rbenv/versions/2.2.3/lib/ruby/gems/2.2.0/gems/web-console-2.3.0/lib/web_console/templates/console.js.erb within layouts/javascript (45.6ms)
  Rendered /Users/Caroline/.rbenv/versions/2.2.3/lib/ruby/gems/2.2.0/gems/web-console-2.3.0/lib/web_console/templates/main.js.erb within layouts/javascript (0.3ms)
  Rendered /Users/Caroline/.rbenv/versions/2.2.3/lib/ruby/gems/2.2.0/gems/web-console-2.3.0/lib/web_console/templates/error_page.js.erb within layouts/javascript (0.4ms)
  Rendered /Users/Caroline/.rbenv/versions/2.2.3/lib/ruby/gems/2.2.0/gems/web-console-2.3.0/lib/web_console/templates/index.html.erb (105.9ms)


Started GET "/" for ::1 at 2016-07-20 13:50:42 +0100
Processing by DressesController#index as HTML
  Rendered dresses/index.html.erb within layouts/application (0.0ms)
Completed 500 Internal Server Error in 21ms (ActiveRecord: 0.0ms)

ActionView::Template::Error (File to import not found or unreadable: foundation/functions.
Load paths:
  /Users/Caroline/development/LolaDB/app/assets/images
  /Users/Caroline/development/LolaDB/app/assets/javascripts
  /Users/Caroline/development/LolaDB/app/assets/stylesheets
  /Users/Caroline/development/LolaDB/vendor/assets/javascripts
  /Users/Caroline/development/LolaDB/vendor/assets/stylesheets
  /Users/Caroline/.rbenv/versions/2.2.3/lib/ruby/gems/2.2.0/gems/jquery-rails-4.1.1/vendor/assets/javascripts
  /Users/Caroline/.rbenv/versions/2.2.3/lib/ruby/gems/2.2.0/gems/coffee-rails-4.1.1/lib/assets/javascripts
  /Users/Caroline/.rbenv/versions/2.2.3/lib/ruby/gems/2.2.0/gems/turbolinks-source-5.0.0/lib/assets/javascripts):
     6: 
     7:     <title><%= content_for?(:title) ? yield(:title) : "foundation-rails" %></title>
     8: 
     9:     <%= stylesheet_link_tag    "application" %>
    10:     <%= javascript_include_tag "vendor/modernizr" %>
    11:     <%= javascript_include_tag "application", 'data-turbolinks-track' => true %>
    12:     <%= csrf_meta_tags %>
  app/assets/stylesheets/foundation_and_overrides.scss:58
  app/views/layouts/application.html.erb:9:in `_app_views_layouts_application_html_erb__769560977353877057_70213310899820'


  Rendered /Users/Caroline/.rbenv/versions/2.2.3/lib/ruby/gems/2.2.0/gems/actionpack-4.2.6/lib/action_dispatch/middleware/templates/rescues/_source.erb (6.7ms)
  Rendered /Users/Caroline/.rbenv/versions/2.2.3/lib/ruby/gems/2.2.0/gems/actionpack-4.2.6/lib/action_dispatch/middleware/templates/rescues/_trace.html.erb (2.6ms)
  Rendered /Users/Caroline/.rbenv/versions/2.2.3/lib/ruby/gems/2.2.0/gems/actionpack-4.2.6/lib/action_dispatch/middleware/templates/rescues/_request_and_response.html.erb (0.8ms)
  Rendered /Users/Caroline/.rbenv/versions/2.2.3/lib/ruby/gems/2.2.0/gems/actionpack-4.2.6/lib/action_dispatch/middleware/templates/rescues/template_error.html.erb within rescues/layout (55.7ms)
  Rendered /Users/Caroline/.rbenv/versions/2.2.3/lib/ruby/gems/2.2.0/gems/web-console-2.3.0/lib/web_console/templates/_markup.html.erb (0.7ms)
  Rendered /Users/Caroline/.rbenv/versions/2.2.3/lib/ruby/gems/2.2.0/gems/web-console-2.3.0/lib/web_console/templates/_inner_console_markup.html.erb within layouts/inlined_string (0.3ms)
  Rendered /Users/Caroline/.rbenv/versions/2.2.3/lib/ruby/gems/2.2.0/gems/web-console-2.3.0/lib/web_console/templates/_prompt_box_markup.html.erb within layouts/inlined_string (0.3ms)
  Rendered /Users/Caroline/.rbenv/versions/2.2.3/lib/ruby/gems/2.2.0/gems/web-console-2.3.0/lib/web_console/templates/style.css.erb within layouts/inlined_string (0.3ms)
  Rendered /Users/Caroline/.rbenv/versions/2.2.3/lib/ruby/gems/2.2.0/gems/web-console-2.3.0/lib/web_console/templates/console.js.erb within layouts/javascript (47.0ms)
  Rendered /Users/Caroline/.rbenv/versions/2.2.3/lib/ruby/gems/2.2.0/gems/web-console-2.3.0/lib/web_console/templates/main.js.erb within layouts/javascript (0.3ms)
  Rendered /Users/Caroline/.rbenv/versions/2.2.3/lib/ruby/gems/2.2.0/gems/web-console-2.3.0/lib/web_console/templates/error_page.js.erb within layouts/javascript (0.6ms)
  Rendered /Users/Caroline/.rbenv/versions/2.2.3/lib/ruby/gems/2.2.0/gems/web-console-2.3.0/lib/web_console/templates/index.html.erb (110.1ms)


Started GET "/" for ::1 at 2016-07-20 13:50:43 +0100
Processing by DressesController#index as HTML
  Rendered dresses/index.html.erb within layouts/application (0.0ms)
Completed 500 Internal Server Error in 24ms (ActiveRecord: 0.0ms)

ActionView::Template::Error (File to import not found or unreadable: foundation/functions.
Load paths:
  /Users/Caroline/development/LolaDB/app/assets/images
  /Users/Caroline/development/LolaDB/app/assets/javascripts
  /Users/Caroline/development/LolaDB/app/assets/stylesheets
  /Users/Caroline/development/LolaDB/vendor/assets/javascripts
  /Users/Caroline/development/LolaDB/vendor/assets/stylesheets
  /Users/Caroline/.rbenv/versions/2.2.3/lib/ruby/gems/2.2.0/gems/jquery-rails-4.1.1/vendor/assets/javascripts
  /Users/Caroline/.rbenv/versions/2.2.3/lib/ruby/gems/2.2.0/gems/coffee-rails-4.1.1/lib/assets/javascripts
  /Users/Caroline/.rbenv/versions/2.2.3/lib/ruby/gems/2.2.0/gems/turbolinks-source-5.0.0/lib/assets/javascripts):
     6: 
     7:     <title><%= content_for?(:title) ? yield(:title) : "foundation-rails" %></title>
     8: 
     9:     <%= stylesheet_link_tag    "application" %>
    10:     <%= javascript_include_tag "vendor/modernizr" %>
    11:     <%= javascript_include_tag "application", 'data-turbolinks-track' => true %>
    12:     <%= csrf_meta_tags %>
  app/assets/stylesheets/foundation_and_overrides.scss:58
  app/views/layouts/application.html.erb:9:in `_app_views_layouts_application_html_erb__769560977353877057_70213310899820'


  Rendered /Users/Caroline/.rbenv/versions/2.2.3/lib/ruby/gems/2.2.0/gems/actionpack-4.2.6/lib/action_dispatch/middleware/templates/rescues/_source.erb (7.1ms)
  Rendered /Users/Caroline/.rbenv/versions/2.2.3/lib/ruby/gems/2.2.0/gems/actionpack-4.2.6/lib/action_dispatch/middleware/templates/rescues/_trace.html.erb (2.4ms)
  Rendered /Users/Caroline/.rbenv/versions/2.2.3/lib/ruby/gems/2.2.0/gems/actionpack-4.2.6/lib/action_dispatch/middleware/templates/rescues/_request_and_response.html.erb (0.7ms)
  Rendered /Users/Caroline/.rbenv/versions/2.2.3/lib/ruby/gems/2.2.0/gems/actionpack-4.2.6/lib/action_dispatch/middleware/templates/rescues/template_error.html.erb within rescues/layout (57.2ms)
  Rendered /Users/Caroline/.rbenv/versions/2.2.3/lib/ruby/gems/2.2.0/gems/web-console-2.3.0/lib/web_console/templates/_markup.html.erb (0.3ms)
  Rendered /Users/Caroline/.rbenv/versions/2.2.3/lib/ruby/gems/2.2.0/gems/web-console-2.3.0/lib/web_console/templates/_inner_console_markup.html.erb within layouts/inlined_string (0.4ms)
  Rendered /Users/Caroline/.rbenv/versions/2.2.3/lib/ruby/gems/2.2.0/gems/web-console-2.3.0/lib/web_console/templates/_prompt_box_markup.html.erb within layouts/inlined_string (0.4ms)
  Rendered /Users/Caroline/.rbenv/versions/2.2.3/lib/ruby/gems/2.2.0/gems/web-console-2.3.0/lib/web_console/templates/style.css.erb within layouts/inlined_string (0.4ms)
  Rendered /Users/Caroline/.rbenv/versions/2.2.3/lib/ruby/gems/2.2.0/gems/web-console-2.3.0/lib/web_console/templates/console.js.erb within layouts/javascript (48.4ms)
  Rendered /Users/Caroline/.rbenv/versions/2.2.3/lib/ruby/gems/2.2.0/gems/web-console-2.3.0/lib/web_console/templates/main.js.erb within layouts/javascript (0.4ms)
  Rendered /Users/Caroline/.rbenv/versions/2.2.3/lib/ruby/gems/2.2.0/gems/web-console-2.3.0/lib/web_console/templates/error_page.js.erb within layouts/javascript (0.3ms)
  Rendered /Users/Caroline/.rbenv/versions/2.2.3/lib/ruby/gems/2.2.0/gems/web-console-2.3.0/lib/web_console/templates/index.html.erb (105.7ms)


Started GET "/" for ::1 at 2016-07-20 13:50:44 +0100
Processing by DressesController#index as HTML
  Rendered dresses/index.html.erb within layouts/application (0.1ms)
Completed 500 Internal Server Error in 30ms (ActiveRecord: 0.0ms)

ActionView::Template::Error (File to import not found or unreadable: foundation/functions.
Load paths:
  /Users/Caroline/development/LolaDB/app/assets/images
  /Users/Caroline/development/LolaDB/app/assets/javascripts
  /Users/Caroline/development/LolaDB/app/assets/stylesheets
  /Users/Caroline/development/LolaDB/vendor/assets/javascripts
  /Users/Caroline/development/LolaDB/vendor/assets/stylesheets
  /Users/Caroline/.rbenv/versions/2.2.3/lib/ruby/gems/2.2.0/gems/jquery-rails-4.1.1/vendor/assets/javascripts
  /Users/Caroline/.rbenv/versions/2.2.3/lib/ruby/gems/2.2.0/gems/coffee-rails-4.1.1/lib/assets/javascripts
  /Users/Caroline/.rbenv/versions/2.2.3/lib/ruby/gems/2.2.0/gems/turbolinks-source-5.0.0/lib/assets/javascripts):
     6: 
     7:     <title><%= content_for?(:title) ? yield(:title) : "foundation-rails" %></title>
     8: 
     9:     <%= stylesheet_link_tag    "application" %>
    10:     <%= javascript_include_tag "vendor/modernizr" %>
    11:     <%= javascript_include_tag "application", 'data-turbolinks-track' => true %>
    12:     <%= csrf_meta_tags %>
  app/assets/stylesheets/foundation_and_overrides.scss:58
  app/views/layouts/application.html.erb:9:in `_app_views_layouts_application_html_erb__769560977353877057_70213310899820'


  Rendered /Users/Caroline/.rbenv/versions/2.2.3/lib/ruby/gems/2.2.0/gems/actionpack-4.2.6/lib/action_dispatch/middleware/templates/rescues/_source.erb (7.0ms)
  Rendered /Users/Caroline/.rbenv/versions/2.2.3/lib/ruby/gems/2.2.0/gems/actionpack-4.2.6/lib/action_dispatch/middleware/templates/rescues/_trace.html.erb (4.1ms)
  Rendered /Users/Caroline/.rbenv/versions/2.2.3/lib/ruby/gems/2.2.0/gems/actionpack-4.2.6/lib/action_dispatch/middleware/templates/rescues/_request_and_response.html.erb (1.0ms)
  Rendered /Users/Caroline/.rbenv/versions/2.2.3/lib/ruby/gems/2.2.0/gems/actionpack-4.2.6/lib/action_dispatch/middleware/templates/rescues/template_error.html.erb within rescues/layout (61.5ms)
  Rendered /Users/Caroline/.rbenv/versions/2.2.3/lib/ruby/gems/2.2.0/gems/web-console-2.3.0/lib/web_console/templates/_markup.html.erb (0.4ms)
  Rendered /Users/Caroline/.rbenv/versions/2.2.3/lib/ruby/gems/2.2.0/gems/web-console-2.3.0/lib/web_console/templates/_inner_console_markup.html.erb within layouts/inlined_string (0.4ms)
  Rendered /Users/Caroline/.rbenv/versions/2.2.3/lib/ruby/gems/2.2.0/gems/web-console-2.3.0/lib/web_console/templates/_prompt_box_markup.html.erb within layouts/inlined_string (0.3ms)
  Rendered /Users/Caroline/.rbenv/versions/2.2.3/lib/ruby/gems/2.2.0/gems/web-console-2.3.0/lib/web_console/templates/style.css.erb within layouts/inlined_string (0.3ms)
  Rendered /Users/Caroline/.rbenv/versions/2.2.3/lib/ruby/gems/2.2.0/gems/web-console-2.3.0/lib/web_console/templates/console.js.erb within layouts/javascript (50.2ms)
  Rendered /Users/Caroline/.rbenv/versions/2.2.3/lib/ruby/gems/2.2.0/gems/web-console-2.3.0/lib/web_console/templates/main.js.erb within layouts/javascript (0.3ms)
  Rendered /Users/Caroline/.rbenv/versions/2.2.3/lib/ruby/gems/2.2.0/gems/web-console-2.3.0/lib/web_console/templates/error_page.js.erb within layouts/javascript (0.3ms)
  Rendered /Users/Caroline/.rbenv/versions/2.2.3/lib/ruby/gems/2.2.0/gems/web-console-2.3.0/lib/web_console/templates/index.html.erb (108.2ms)


Started GET "/" for ::1 at 2016-07-20 13:51:09 +0100
Processing by DressesController#index as HTML
  Rendered dresses/index.html.erb within layouts/application (0.1ms)
Completed 500 Internal Server Error in 41ms (ActiveRecord: 0.0ms)

ActionView::Template::Error (File to import not found or unreadable: foundation/functions.
Load paths:
  /Users/Caroline/development/LolaDB/app/assets/images
  /Users/Caroline/development/LolaDB/app/assets/javascripts
  /Users/Caroline/development/LolaDB/app/assets/stylesheets
  /Users/Caroline/development/LolaDB/vendor/assets/javascripts
  /Users/Caroline/development/LolaDB/vendor/assets/stylesheets
  /Users/Caroline/.rbenv/versions/2.2.3/lib/ruby/gems/2.2.0/gems/jquery-rails-4.1.1/vendor/assets/javascripts
  /Users/Caroline/.rbenv/versions/2.2.3/lib/ruby/gems/2.2.0/gems/coffee-rails-4.1.1/lib/assets/javascripts
  /Users/Caroline/.rbenv/versions/2.2.3/lib/ruby/gems/2.2.0/gems/turbolinks-source-5.0.0/lib/assets/javascripts):
     6: 
     7:     <title><%= content_for?(:title) ? yield(:title) : "foundation-rails" %></title>
     8: 
     9:     <%= stylesheet_link_tag    "application" %>
    10:     <%= javascript_include_tag "vendor/modernizr" %>
    11:     <%= javascript_include_tag "application", 'data-turbolinks-track' => true %>
    12:     <%= csrf_meta_tags %>
  app/assets/stylesheets/foundation_and_overrides.scss:58
  app/views/layouts/application.html.erb:9:in `_app_views_layouts_application_html_erb__769560977353877057_70213310899820'


  Rendered /Users/Caroline/.rbenv/versions/2.2.3/lib/ruby/gems/2.2.0/gems/actionpack-4.2.6/lib/action_dispatch/middleware/templates/rescues/_source.erb (22.5ms)
  Rendered /Users/Caroline/.rbenv/versions/2.2.3/lib/ruby/gems/2.2.0/gems/actionpack-4.2.6/lib/action_dispatch/middleware/templates/rescues/_trace.html.erb (5.7ms)
  Rendered /Users/Caroline/.rbenv/versions/2.2.3/lib/ruby/gems/2.2.0/gems/actionpack-4.2.6/lib/action_dispatch/middleware/templates/rescues/_request_and_response.html.erb (1.1ms)
  Rendered /Users/Caroline/.rbenv/versions/2.2.3/lib/ruby/gems/2.2.0/gems/actionpack-4.2.6/lib/action_dispatch/middleware/templates/rescues/template_error.html.erb within rescues/layout (96.5ms)
  Rendered /Users/Caroline/.rbenv/versions/2.2.3/lib/ruby/gems/2.2.0/gems/web-console-2.3.0/lib/web_console/templates/_markup.html.erb (0.7ms)
  Rendered /Users/Caroline/.rbenv/versions/2.2.3/lib/ruby/gems/2.2.0/gems/web-console-2.3.0/lib/web_console/templates/_inner_console_markup.html.erb within layouts/inlined_string (0.3ms)
  Rendered /Users/Caroline/.rbenv/versions/2.2.3/lib/ruby/gems/2.2.0/gems/web-console-2.3.0/lib/web_console/templates/_prompt_box_markup.html.erb within layouts/inlined_string (0.6ms)
  Rendered /Users/Caroline/.rbenv/versions/2.2.3/lib/ruby/gems/2.2.0/gems/web-console-2.3.0/lib/web_console/templates/style.css.erb within layouts/inlined_string (0.3ms)
  Rendered /Users/Caroline/.rbenv/versions/2.2.3/lib/ruby/gems/2.2.0/gems/web-console-2.3.0/lib/web_console/templates/console.js.erb within layouts/javascript (66.2ms)
  Rendered /Users/Caroline/.rbenv/versions/2.2.3/lib/ruby/gems/2.2.0/gems/web-console-2.3.0/lib/web_console/templates/main.js.erb within layouts/javascript (0.5ms)
  Rendered /Users/Caroline/.rbenv/versions/2.2.3/lib/ruby/gems/2.2.0/gems/web-console-2.3.0/lib/web_console/templates/error_page.js.erb within layouts/javascript (0.4ms)
  Rendered /Users/Caroline/.rbenv/versions/2.2.3/lib/ruby/gems/2.2.0/gems/web-console-2.3.0/lib/web_console/templates/index.html.erb (138.3ms)


Started GET "/" for ::1 at 2016-07-20 13:51:51 +0100
Processing by DressesController#index as HTML
  Rendered dresses/index.html.erb within layouts/application (0.0ms)
Completed 500 Internal Server Error in 23ms (ActiveRecord: 0.0ms)

ActionView::Template::Error (File to import not found or unreadable: foundation/functions.
Load paths:
  /Users/Caroline/development/LolaDB/app/assets/images
  /Users/Caroline/development/LolaDB/app/assets/javascripts
  /Users/Caroline/development/LolaDB/app/assets/stylesheets
  /Users/Caroline/development/LolaDB/vendor/assets/javascripts
  /Users/Caroline/development/LolaDB/vendor/assets/stylesheets
  /Users/Caroline/.rbenv/versions/2.2.3/lib/ruby/gems/2.2.0/gems/jquery-rails-4.1.1/vendor/assets/javascripts
  /Users/Caroline/.rbenv/versions/2.2.3/lib/ruby/gems/2.2.0/gems/coffee-rails-4.1.1/lib/assets/javascripts
  /Users/Caroline/.rbenv/versions/2.2.3/lib/ruby/gems/2.2.0/gems/turbolinks-source-5.0.0/lib/assets/javascripts):
     6: 
     7:     <title><%= content_for?(:title) ? yield(:title) : "foundation-rails" %></title>
     8: 
     9:     <%= stylesheet_link_tag    "application" %>
    10:     <%= javascript_include_tag "vendor/modernizr" %>
    11:     <%= javascript_include_tag "application", 'data-turbolinks-track' => true %>
    12:     <%= csrf_meta_tags %>
  app/assets/stylesheets/foundation_and_overrides.scss:58
  app/views/layouts/application.html.erb:9:in `_app_views_layouts_application_html_erb__769560977353877057_70213310899820'


  Rendered /Users/Caroline/.rbenv/versions/2.2.3/lib/ruby/gems/2.2.0/gems/actionpack-4.2.6/lib/action_dispatch/middleware/templates/rescues/_source.erb (6.2ms)
  Rendered /Users/Caroline/.rbenv/versions/2.2.3/lib/ruby/gems/2.2.0/gems/actionpack-4.2.6/lib/action_dispatch/middleware/templates/rescues/_trace.html.erb (2.2ms)
  Rendered /Users/Caroline/.rbenv/versions/2.2.3/lib/ruby/gems/2.2.0/gems/actionpack-4.2.6/lib/action_dispatch/middleware/templates/rescues/_request_and_response.html.erb (0.9ms)
  Rendered /Users/Caroline/.rbenv/versions/2.2.3/lib/ruby/gems/2.2.0/gems/actionpack-4.2.6/lib/action_dispatch/middleware/templates/rescues/template_error.html.erb within rescues/layout (54.3ms)
  Rendered /Users/Caroline/.rbenv/versions/2.2.3/lib/ruby/gems/2.2.0/gems/web-console-2.3.0/lib/web_console/templates/_markup.html.erb (0.4ms)
  Rendered /Users/Caroline/.rbenv/versions/2.2.3/lib/ruby/gems/2.2.0/gems/web-console-2.3.0/lib/web_console/templates/_inner_console_markup.html.erb within layouts/inlined_string (0.3ms)
  Rendered /Users/Caroline/.rbenv/versions/2.2.3/lib/ruby/gems/2.2.0/gems/web-console-2.3.0/lib/web_console/templates/_prompt_box_markup.html.erb within layouts/inlined_string (0.3ms)
  Rendered /Users/Caroline/.rbenv/versions/2.2.3/lib/ruby/gems/2.2.0/gems/web-console-2.3.0/lib/web_console/templates/style.css.erb within layouts/inlined_string (7.8ms)
  Rendered /Users/Caroline/.rbenv/versions/2.2.3/lib/ruby/gems/2.2.0/gems/web-console-2.3.0/lib/web_console/templates/console.js.erb within layouts/javascript (53.8ms)
  Rendered /Users/Caroline/.rbenv/versions/2.2.3/lib/ruby/gems/2.2.0/gems/web-console-2.3.0/lib/web_console/templates/main.js.erb within layouts/javascript (0.3ms)
  Rendered /Users/Caroline/.rbenv/versions/2.2.3/lib/ruby/gems/2.2.0/gems/web-console-2.3.0/lib/web_console/templates/error_page.js.erb within layouts/javascript (0.4ms)
  Rendered /Users/Caroline/.rbenv/versions/2.2.3/lib/ruby/gems/2.2.0/gems/web-console-2.3.0/lib/web_console/templates/index.html.erb (114.5ms)


Started GET "/" for ::1 at 2016-07-20 13:53:11 +0100
Processing by DressesController#index as HTML
  Rendered dresses/index.html.erb within layouts/application (0.1ms)
Completed 500 Internal Server Error in 25ms (ActiveRecord: 0.0ms)

ActionView::Template::Error (File to import not found or unreadable: foundation/functions.
Load paths:
  /Users/Caroline/development/LolaDB/app/assets/images
  /Users/Caroline/development/LolaDB/app/assets/javascripts
  /Users/Caroline/development/LolaDB/app/assets/stylesheets
  /Users/Caroline/development/LolaDB/vendor/assets/javascripts
  /Users/Caroline/development/LolaDB/vendor/assets/stylesheets
  /Users/Caroline/.rbenv/versions/2.2.3/lib/ruby/gems/2.2.0/gems/jquery-rails-4.1.1/vendor/assets/javascripts
  /Users/Caroline/.rbenv/versions/2.2.3/lib/ruby/gems/2.2.0/gems/coffee-rails-4.1.1/lib/assets/javascripts
  /Users/Caroline/.rbenv/versions/2.2.3/lib/ruby/gems/2.2.0/gems/turbolinks-source-5.0.0/lib/assets/javascripts):
     6: 
     7:     <title><%= content_for?(:title) ? yield(:title) : "foundation-rails" %></title>
     8: 
     9:     <%= stylesheet_link_tag    "application" %>
    10:     <%= javascript_include_tag "vendor/modernizr" %>
    11:     <%= javascript_include_tag "application", 'data-turbolinks-track' => true %>
    12:     <%= csrf_meta_tags %>
  app/assets/stylesheets/foundation_and_overrides.scss:58
  app/views/layouts/application.html.erb:9:in `_app_views_layouts_application_html_erb__769560977353877057_70213310899820'


  Rendered /Users/Caroline/.rbenv/versions/2.2.3/lib/ruby/gems/2.2.0/gems/actionpack-4.2.6/lib/action_dispatch/middleware/templates/rescues/_source.erb (7.4ms)
  Rendered /Users/Caroline/.rbenv/versions/2.2.3/lib/ruby/gems/2.2.0/gems/actionpack-4.2.6/lib/action_dispatch/middleware/templates/rescues/_trace.html.erb (2.8ms)
  Rendered /Users/Caroline/.rbenv/versions/2.2.3/lib/ruby/gems/2.2.0/gems/actionpack-4.2.6/lib/action_dispatch/middleware/templates/rescues/_request_and_response.html.erb (0.7ms)
  Rendered /Users/Caroline/.rbenv/versions/2.2.3/lib/ruby/gems/2.2.0/gems/actionpack-4.2.6/lib/action_dispatch/middleware/templates/rescues/template_error.html.erb within rescues/layout (58.5ms)
  Rendered /Users/Caroline/.rbenv/versions/2.2.3/lib/ruby/gems/2.2.0/gems/web-console-2.3.0/lib/web_console/templates/_markup.html.erb (0.3ms)
  Rendered /Users/Caroline/.rbenv/versions/2.2.3/lib/ruby/gems/2.2.0/gems/web-console-2.3.0/lib/web_console/templates/_inner_console_markup.html.erb within layouts/inlined_string (0.3ms)
  Rendered /Users/Caroline/.rbenv/versions/2.2.3/lib/ruby/gems/2.2.0/gems/web-console-2.3.0/lib/web_console/templates/_prompt_box_markup.html.erb within layouts/inlined_string (0.3ms)
  Rendered /Users/Caroline/.rbenv/versions/2.2.3/lib/ruby/gems/2.2.0/gems/web-console-2.3.0/lib/web_console/templates/style.css.erb within layouts/inlined_string (0.3ms)
  Rendered /Users/Caroline/.rbenv/versions/2.2.3/lib/ruby/gems/2.2.0/gems/web-console-2.3.0/lib/web_console/templates/console.js.erb within layouts/javascript (50.1ms)
  Rendered /Users/Caroline/.rbenv/versions/2.2.3/lib/ruby/gems/2.2.0/gems/web-console-2.3.0/lib/web_console/templates/main.js.erb within layouts/javascript (0.3ms)
  Rendered /Users/Caroline/.rbenv/versions/2.2.3/lib/ruby/gems/2.2.0/gems/web-console-2.3.0/lib/web_console/templates/error_page.js.erb within layouts/javascript (0.4ms)
  Rendered /Users/Caroline/.rbenv/versions/2.2.3/lib/ruby/gems/2.2.0/gems/web-console-2.3.0/lib/web_console/templates/index.html.erb (108.3ms)


Started GET "/" for ::1 at 2016-07-20 13:53:25 +0100
Processing by DressesController#index as HTML
  Rendered dresses/index.html.erb within layouts/application (0.1ms)
Completed 500 Internal Server Error in 23ms (ActiveRecord: 0.0ms)

ActionView::Template::Error (File to import not found or unreadable: foundation/functions.
Load paths:
  /Users/Caroline/development/LolaDB/app/assets/images
  /Users/Caroline/development/LolaDB/app/assets/javascripts
  /Users/Caroline/development/LolaDB/app/assets/stylesheets
  /Users/Caroline/development/LolaDB/vendor/assets/javascripts
  /Users/Caroline/development/LolaDB/vendor/assets/stylesheets
  /Users/Caroline/.rbenv/versions/2.2.3/lib/ruby/gems/2.2.0/gems/jquery-rails-4.1.1/vendor/assets/javascripts
  /Users/Caroline/.rbenv/versions/2.2.3/lib/ruby/gems/2.2.0/gems/coffee-rails-4.1.1/lib/assets/javascripts
  /Users/Caroline/.rbenv/versions/2.2.3/lib/ruby/gems/2.2.0/gems/turbolinks-source-5.0.0/lib/assets/javascripts):
     6: 
     7:     <title><%= content_for?(:title) ? yield(:title) : "foundation-rails" %></title>
     8: 
     9:     <%= stylesheet_link_tag    "application" %>
    10:     <%= javascript_include_tag "vendor/modernizr" %>
    11:     <%= javascript_include_tag "application", 'data-turbolinks-track' => true %>
    12:     <%= csrf_meta_tags %>
  app/assets/stylesheets/foundation_and_overrides.scss:58
  app/views/layouts/application.html.erb:9:in `_app_views_layouts_application_html_erb__769560977353877057_70213310899820'


  Rendered /Users/Caroline/.rbenv/versions/2.2.3/lib/ruby/gems/2.2.0/gems/actionpack-4.2.6/lib/action_dispatch/middleware/templates/rescues/_source.erb (7.4ms)
  Rendered /Users/Caroline/.rbenv/versions/2.2.3/lib/ruby/gems/2.2.0/gems/actionpack-4.2.6/lib/action_dispatch/middleware/templates/rescues/_trace.html.erb (2.8ms)
  Rendered /Users/Caroline/.rbenv/versions/2.2.3/lib/ruby/gems/2.2.0/gems/actionpack-4.2.6/lib/action_dispatch/middleware/templates/rescues/_request_and_response.html.erb (1.1ms)
  Rendered /Users/Caroline/.rbenv/versions/2.2.3/lib/ruby/gems/2.2.0/gems/actionpack-4.2.6/lib/action_dispatch/middleware/templates/rescues/template_error.html.erb within rescues/layout (59.4ms)
  Rendered /Users/Caroline/.rbenv/versions/2.2.3/lib/ruby/gems/2.2.0/gems/web-console-2.3.0/lib/web_console/templates/_markup.html.erb (0.4ms)
  Rendered /Users/Caroline/.rbenv/versions/2.2.3/lib/ruby/gems/2.2.0/gems/web-console-2.3.0/lib/web_console/templates/_inner_console_markup.html.erb within layouts/inlined_string (0.3ms)
  Rendered /Users/Caroline/.rbenv/versions/2.2.3/lib/ruby/gems/2.2.0/gems/web-console-2.3.0/lib/web_console/templates/_prompt_box_markup.html.erb within layouts/inlined_string (0.3ms)
  Rendered /Users/Caroline/.rbenv/versions/2.2.3/lib/ruby/gems/2.2.0/gems/web-console-2.3.0/lib/web_console/templates/style.css.erb within layouts/inlined_string (0.3ms)
  Rendered /Users/Caroline/.rbenv/versions/2.2.3/lib/ruby/gems/2.2.0/gems/web-console-2.3.0/lib/web_console/templates/console.js.erb within layouts/javascript (46.1ms)
  Rendered /Users/Caroline/.rbenv/versions/2.2.3/lib/ruby/gems/2.2.0/gems/web-console-2.3.0/lib/web_console/templates/main.js.erb within layouts/javascript (0.3ms)
  Rendered /Users/Caroline/.rbenv/versions/2.2.3/lib/ruby/gems/2.2.0/gems/web-console-2.3.0/lib/web_console/templates/error_page.js.erb within layouts/javascript (0.4ms)
  Rendered /Users/Caroline/.rbenv/versions/2.2.3/lib/ruby/gems/2.2.0/gems/web-console-2.3.0/lib/web_console/templates/index.html.erb (108.2ms)


Started GET "/" for ::1 at 2016-07-20 13:53:26 +0100
Processing by DressesController#index as HTML
  Rendered dresses/index.html.erb within layouts/application (0.0ms)
Completed 500 Internal Server Error in 23ms (ActiveRecord: 0.0ms)

ActionView::Template::Error (File to import not found or unreadable: foundation/functions.
Load paths:
  /Users/Caroline/development/LolaDB/app/assets/images
  /Users/Caroline/development/LolaDB/app/assets/javascripts
  /Users/Caroline/development/LolaDB/app/assets/stylesheets
  /Users/Caroline/development/LolaDB/vendor/assets/javascripts
  /Users/Caroline/development/LolaDB/vendor/assets/stylesheets
  /Users/Caroline/.rbenv/versions/2.2.3/lib/ruby/gems/2.2.0/gems/jquery-rails-4.1.1/vendor/assets/javascripts
  /Users/Caroline/.rbenv/versions/2.2.3/lib/ruby/gems/2.2.0/gems/coffee-rails-4.1.1/lib/assets/javascripts
  /Users/Caroline/.rbenv/versions/2.2.3/lib/ruby/gems/2.2.0/gems/turbolinks-source-5.0.0/lib/assets/javascripts):
     6: 
     7:     <title><%= content_for?(:title) ? yield(:title) : "foundation-rails" %></title>
     8: 
     9:     <%= stylesheet_link_tag    "application" %>
    10:     <%= javascript_include_tag "vendor/modernizr" %>
    11:     <%= javascript_include_tag "application", 'data-turbolinks-track' => true %>
    12:     <%= csrf_meta_tags %>
  app/assets/stylesheets/foundation_and_overrides.scss:58
  app/views/layouts/application.html.erb:9:in `_app_views_layouts_application_html_erb__769560977353877057_70213310899820'


  Rendered /Users/Caroline/.rbenv/versions/2.2.3/lib/ruby/gems/2.2.0/gems/actionpack-4.2.6/lib/action_dispatch/middleware/templates/rescues/_source.erb (6.7ms)
  Rendered /Users/Caroline/.rbenv/versions/2.2.3/lib/ruby/gems/2.2.0/gems/actionpack-4.2.6/lib/action_dispatch/middleware/templates/rescues/_trace.html.erb (2.9ms)
  Rendered /Users/Caroline/.rbenv/versions/2.2.3/lib/ruby/gems/2.2.0/gems/actionpack-4.2.6/lib/action_dispatch/middleware/templates/rescues/_request_and_response.html.erb (1.3ms)
  Rendered /Users/Caroline/.rbenv/versions/2.2.3/lib/ruby/gems/2.2.0/gems/actionpack-4.2.6/lib/action_dispatch/middleware/templates/rescues/template_error.html.erb within rescues/layout (63.6ms)
  Rendered /Users/Caroline/.rbenv/versions/2.2.3/lib/ruby/gems/2.2.0/gems/web-console-2.3.0/lib/web_console/templates/_markup.html.erb (0.4ms)
  Rendered /Users/Caroline/.rbenv/versions/2.2.3/lib/ruby/gems/2.2.0/gems/web-console-2.3.0/lib/web_console/templates/_inner_console_markup.html.erb within layouts/inlined_string (0.3ms)
  Rendered /Users/Caroline/.rbenv/versions/2.2.3/lib/ruby/gems/2.2.0/gems/web-console-2.3.0/lib/web_console/templates/_prompt_box_markup.html.erb within layouts/inlined_string (0.3ms)
  Rendered /Users/Caroline/.rbenv/versions/2.2.3/lib/ruby/gems/2.2.0/gems/web-console-2.3.0/lib/web_console/templates/style.css.erb within layouts/inlined_string (0.4ms)
  Rendered /Users/Caroline/.rbenv/versions/2.2.3/lib/ruby/gems/2.2.0/gems/web-console-2.3.0/lib/web_console/templates/console.js.erb within layouts/javascript (50.3ms)
  Rendered /Users/Caroline/.rbenv/versions/2.2.3/lib/ruby/gems/2.2.0/gems/web-console-2.3.0/lib/web_console/templates/main.js.erb within layouts/javascript (0.3ms)
  Rendered /Users/Caroline/.rbenv/versions/2.2.3/lib/ruby/gems/2.2.0/gems/web-console-2.3.0/lib/web_console/templates/error_page.js.erb within layouts/javascript (0.4ms)
  Rendered /Users/Caroline/.rbenv/versions/2.2.3/lib/ruby/gems/2.2.0/gems/web-console-2.3.0/lib/web_console/templates/index.html.erb (110.2ms)


Started GET "/" for ::1 at 2016-07-20 13:54:08 +0100
Processing by Rails::WelcomeController#index as HTML
  Rendered /Users/Caroline/.rbenv/versions/2.2.3/lib/ruby/gems/2.2.0/gems/railties-4.2.6/lib/rails/templates/rails/welcome/index.html.erb (0.0ms)
Completed 200 OK in 3ms (Views: 1.7ms | ActiveRecord: 0.0ms)


Started GET "/" for ::1 at 2016-07-20 13:54:17 +0100
Processing by DressesController#index as HTML
  Rendered dresses/index.html.erb within layouts/application (0.0ms)
Completed 500 Internal Server Error in 26ms (ActiveRecord: 0.0ms)

ActionView::Template::Error (File to import not found or unreadable: foundation/functions.
Load paths:
  /Users/Caroline/development/LolaDB/app/assets/images
  /Users/Caroline/development/LolaDB/app/assets/javascripts
  /Users/Caroline/development/LolaDB/app/assets/stylesheets
  /Users/Caroline/development/LolaDB/vendor/assets/javascripts
  /Users/Caroline/development/LolaDB/vendor/assets/stylesheets
  /Users/Caroline/.rbenv/versions/2.2.3/lib/ruby/gems/2.2.0/gems/jquery-rails-4.1.1/vendor/assets/javascripts
  /Users/Caroline/.rbenv/versions/2.2.3/lib/ruby/gems/2.2.0/gems/coffee-rails-4.1.1/lib/assets/javascripts
  /Users/Caroline/.rbenv/versions/2.2.3/lib/ruby/gems/2.2.0/gems/turbolinks-source-5.0.0/lib/assets/javascripts):
     6: 
     7:     <title><%= content_for?(:title) ? yield(:title) : "foundation-rails" %></title>
     8: 
     9:     <%= stylesheet_link_tag    "application" %>
    10:     <%= javascript_include_tag "vendor/modernizr" %>
    11:     <%= javascript_include_tag "application", 'data-turbolinks-track' => true %>
    12:     <%= csrf_meta_tags %>
  app/assets/stylesheets/foundation_and_overrides.scss:58
  app/views/layouts/application.html.erb:9:in `_app_views_layouts_application_html_erb__769560977353877057_70213310899820'


  Rendered /Users/Caroline/.rbenv/versions/2.2.3/lib/ruby/gems/2.2.0/gems/actionpack-4.2.6/lib/action_dispatch/middleware/templates/rescues/_source.erb (8.6ms)
  Rendered /Users/Caroline/.rbenv/versions/2.2.3/lib/ruby/gems/2.2.0/gems/actionpack-4.2.6/lib/action_dispatch/middleware/templates/rescues/_trace.html.erb (4.6ms)
  Rendered /Users/Caroline/.rbenv/versions/2.2.3/lib/ruby/gems/2.2.0/gems/actionpack-4.2.6/lib/action_dispatch/middleware/templates/rescues/_request_and_response.html.erb (1.2ms)
  Rendered /Users/Caroline/.rbenv/versions/2.2.3/lib/ruby/gems/2.2.0/gems/actionpack-4.2.6/lib/action_dispatch/middleware/templates/rescues/template_error.html.erb within rescues/layout (69.4ms)
  Rendered /Users/Caroline/.rbenv/versions/2.2.3/lib/ruby/gems/2.2.0/gems/web-console-2.3.0/lib/web_console/templates/_markup.html.erb (0.5ms)
  Rendered /Users/Caroline/.rbenv/versions/2.2.3/lib/ruby/gems/2.2.0/gems/web-console-2.3.0/lib/web_console/templates/_inner_console_markup.html.erb within layouts/inlined_string (0.3ms)
  Rendered /Users/Caroline/.rbenv/versions/2.2.3/lib/ruby/gems/2.2.0/gems/web-console-2.3.0/lib/web_console/templates/_prompt_box_markup.html.erb within layouts/inlined_string (0.3ms)
  Rendered /Users/Caroline/.rbenv/versions/2.2.3/lib/ruby/gems/2.2.0/gems/web-console-2.3.0/lib/web_console/templates/style.css.erb within layouts/inlined_string (0.3ms)
  Rendered /Users/Caroline/.rbenv/versions/2.2.3/lib/ruby/gems/2.2.0/gems/web-console-2.3.0/lib/web_console/templates/console.js.erb within layouts/javascript (47.8ms)
  Rendered /Users/Caroline/.rbenv/versions/2.2.3/lib/ruby/gems/2.2.0/gems/web-console-2.3.0/lib/web_console/templates/main.js.erb within layouts/javascript (0.3ms)
  Rendered /Users/Caroline/.rbenv/versions/2.2.3/lib/ruby/gems/2.2.0/gems/web-console-2.3.0/lib/web_console/templates/error_page.js.erb within layouts/javascript (0.4ms)
  Rendered /Users/Caroline/.rbenv/versions/2.2.3/lib/ruby/gems/2.2.0/gems/web-console-2.3.0/lib/web_console/templates/index.html.erb (110.2ms)


Started GET "/" for ::1 at 2016-07-20 13:54:40 +0100
Processing by DressesController#index as HTML
  Rendered dresses/index.html.erb within layouts/application (0.1ms)
Completed 500 Internal Server Error in 72ms (ActiveRecord: 0.0ms)

ActionView::Template::Error (File to import not found or unreadable: ../foundation/functions.
Load paths:
  /Users/Caroline/development/LolaDB/app/assets/images
  /Users/Caroline/development/LolaDB/app/assets/javascripts
  /Users/Caroline/development/LolaDB/app/assets/stylesheets
  /Users/Caroline/development/LolaDB/vendor/assets/javascripts
  /Users/Caroline/development/LolaDB/vendor/assets/stylesheets
  /Users/Caroline/.rbenv/versions/2.2.3/lib/ruby/gems/2.2.0/gems/jquery-rails-4.1.1/vendor/assets/javascripts
  /Users/Caroline/.rbenv/versions/2.2.3/lib/ruby/gems/2.2.0/gems/coffee-rails-4.1.1/lib/assets/javascripts
  /Users/Caroline/.rbenv/versions/2.2.3/lib/ruby/gems/2.2.0/gems/turbolinks-source-5.0.0/lib/assets/javascripts):
     6: 
     7:     <title><%= content_for?(:title) ? yield(:title) : "foundation-rails" %></title>
     8: 
     9:     <%= stylesheet_link_tag    "application" %>
    10:     <%= javascript_include_tag "vendor/modernizr" %>
    11:     <%= javascript_include_tag "application", 'data-turbolinks-track' => true %>
    12:     <%= csrf_meta_tags %>
  app/assets/stylesheets/foundation_and_overrides.scss:58
  app/views/layouts/application.html.erb:9:in `_app_views_layouts_application_html_erb__769560977353877057_70213310899820'


  Rendered /Users/Caroline/.rbenv/versions/2.2.3/lib/ruby/gems/2.2.0/gems/actionpack-4.2.6/lib/action_dispatch/middleware/templates/rescues/_source.erb (9.0ms)
  Rendered /Users/Caroline/.rbenv/versions/2.2.3/lib/ruby/gems/2.2.0/gems/actionpack-4.2.6/lib/action_dispatch/middleware/templates/rescues/_trace.html.erb (3.5ms)
  Rendered /Users/Caroline/.rbenv/versions/2.2.3/lib/ruby/gems/2.2.0/gems/actionpack-4.2.6/lib/action_dispatch/middleware/templates/rescues/_request_and_response.html.erb (1.0ms)
  Rendered /Users/Caroline/.rbenv/versions/2.2.3/lib/ruby/gems/2.2.0/gems/actionpack-4.2.6/lib/action_dispatch/middleware/templates/rescues/template_error.html.erb within rescues/layout (62.9ms)
  Rendered /Users/Caroline/.rbenv/versions/2.2.3/lib/ruby/gems/2.2.0/gems/web-console-2.3.0/lib/web_console/templates/_markup.html.erb (0.3ms)
  Rendered /Users/Caroline/.rbenv/versions/2.2.3/lib/ruby/gems/2.2.0/gems/web-console-2.3.0/lib/web_console/templates/_inner_console_markup.html.erb within layouts/inlined_string (0.5ms)
  Rendered /Users/Caroline/.rbenv/versions/2.2.3/lib/ruby/gems/2.2.0/gems/web-console-2.3.0/lib/web_console/templates/_prompt_box_markup.html.erb within layouts/inlined_string (0.3ms)
  Rendered /Users/Caroline/.rbenv/versions/2.2.3/lib/ruby/gems/2.2.0/gems/web-console-2.3.0/lib/web_console/templates/style.css.erb within layouts/inlined_string (0.3ms)
  Rendered /Users/Caroline/.rbenv/versions/2.2.3/lib/ruby/gems/2.2.0/gems/web-console-2.3.0/lib/web_console/templates/console.js.erb within layouts/javascript (52.7ms)
  Rendered /Users/Caroline/.rbenv/versions/2.2.3/lib/ruby/gems/2.2.0/gems/web-console-2.3.0/lib/web_console/templates/main.js.erb within layouts/javascript (0.5ms)
  Rendered /Users/Caroline/.rbenv/versions/2.2.3/lib/ruby/gems/2.2.0/gems/web-console-2.3.0/lib/web_console/templates/error_page.js.erb within layouts/javascript (0.6ms)
  Rendered /Users/Caroline/.rbenv/versions/2.2.3/lib/ruby/gems/2.2.0/gems/web-console-2.3.0/lib/web_console/templates/index.html.erb (115.4ms)


Started GET "/" for ::1 at 2016-07-20 13:56:58 +0100
Processing by DressesController#index as HTML
  Rendered dresses/index.html.erb within layouts/application (0.1ms)
Completed 500 Internal Server Error in 85ms (ActiveRecord: 0.0ms)

ActionView::Template::Error (File to import not found or unreadable: foundation/functions.
Load paths:
  /Users/Caroline/development/LolaDB/app/assets/images
  /Users/Caroline/development/LolaDB/app/assets/javascripts
  /Users/Caroline/development/LolaDB/app/assets/stylesheets
  /Users/Caroline/development/LolaDB/vendor/assets/javascripts
  /Users/Caroline/development/LolaDB/vendor/assets/stylesheets
  /Users/Caroline/.rbenv/versions/2.2.3/lib/ruby/gems/2.2.0/gems/jquery-rails-4.1.1/vendor/assets/javascripts
  /Users/Caroline/.rbenv/versions/2.2.3/lib/ruby/gems/2.2.0/gems/coffee-rails-4.1.1/lib/assets/javascripts
  /Users/Caroline/.rbenv/versions/2.2.3/lib/ruby/gems/2.2.0/gems/turbolinks-source-5.0.0/lib/assets/javascripts):
     6: 
     7:     <title><%= content_for?(:title) ? yield(:title) : "I Love Lola Database" %></title>
     8: 
     9:     <%= stylesheet_link_tag    "application" %>
    10:     <%= javascript_include_tag "vendor/modernizr" %>
    11:     <%= javascript_include_tag "application", 'data-turbolinks-track' => true %>
    12:     <%= csrf_meta_tags %>
  app/assets/stylesheets/foundation_and_overrides.scss:58
  app/views/layouts/application.html.erb:9:in `_app_views_layouts_application_html_erb__769560977353877057_70213325529920'


  Rendered /Users/Caroline/.rbenv/versions/2.2.3/lib/ruby/gems/2.2.0/gems/actionpack-4.2.6/lib/action_dispatch/middleware/templates/rescues/_source.erb (6.4ms)
  Rendered /Users/Caroline/.rbenv/versions/2.2.3/lib/ruby/gems/2.2.0/gems/actionpack-4.2.6/lib/action_dispatch/middleware/templates/rescues/_trace.html.erb (2.7ms)
  Rendered /Users/Caroline/.rbenv/versions/2.2.3/lib/ruby/gems/2.2.0/gems/actionpack-4.2.6/lib/action_dispatch/middleware/templates/rescues/_request_and_response.html.erb (0.7ms)
  Rendered /Users/Caroline/.rbenv/versions/2.2.3/lib/ruby/gems/2.2.0/gems/actionpack-4.2.6/lib/action_dispatch/middleware/templates/rescues/template_error.html.erb within rescues/layout (55.5ms)
  Rendered /Users/Caroline/.rbenv/versions/2.2.3/lib/ruby/gems/2.2.0/gems/web-console-2.3.0/lib/web_console/templates/_markup.html.erb (0.3ms)
  Rendered /Users/Caroline/.rbenv/versions/2.2.3/lib/ruby/gems/2.2.0/gems/web-console-2.3.0/lib/web_console/templates/_inner_console_markup.html.erb within layouts/inlined_string (0.2ms)
  Rendered /Users/Caroline/.rbenv/versions/2.2.3/lib/ruby/gems/2.2.0/gems/web-console-2.3.0/lib/web_console/templates/_prompt_box_markup.html.erb within layouts/inlined_string (0.3ms)
  Rendered /Users/Caroline/.rbenv/versions/2.2.3/lib/ruby/gems/2.2.0/gems/web-console-2.3.0/lib/web_console/templates/style.css.erb within layouts/inlined_string (0.4ms)
  Rendered /Users/Caroline/.rbenv/versions/2.2.3/lib/ruby/gems/2.2.0/gems/web-console-2.3.0/lib/web_console/templates/console.js.erb within layouts/javascript (45.1ms)
  Rendered /Users/Caroline/.rbenv/versions/2.2.3/lib/ruby/gems/2.2.0/gems/web-console-2.3.0/lib/web_console/templates/main.js.erb within layouts/javascript (0.3ms)
  Rendered /Users/Caroline/.rbenv/versions/2.2.3/lib/ruby/gems/2.2.0/gems/web-console-2.3.0/lib/web_console/templates/error_page.js.erb within layouts/javascript (0.4ms)
  Rendered /Users/Caroline/.rbenv/versions/2.2.3/lib/ruby/gems/2.2.0/gems/web-console-2.3.0/lib/web_console/templates/index.html.erb (101.8ms)


Started GET "/" for ::1 at 2016-07-20 13:58:03 +0100
Processing by DressesController#index as HTML
  Rendered dresses/index.html.erb within layouts/application (0.0ms)
Completed 500 Internal Server Error in 23ms (ActiveRecord: 0.0ms)

ActionView::Template::Error (File to import not found or unreadable: foundation/functions.
Load paths:
  /Users/Caroline/development/LolaDB/app/assets/images
  /Users/Caroline/development/LolaDB/app/assets/javascripts
  /Users/Caroline/development/LolaDB/app/assets/stylesheets
  /Users/Caroline/development/LolaDB/vendor/assets/javascripts
  /Users/Caroline/development/LolaDB/vendor/assets/stylesheets
  /Users/Caroline/.rbenv/versions/2.2.3/lib/ruby/gems/2.2.0/gems/jquery-rails-4.1.1/vendor/assets/javascripts
  /Users/Caroline/.rbenv/versions/2.2.3/lib/ruby/gems/2.2.0/gems/coffee-rails-4.1.1/lib/assets/javascripts
  /Users/Caroline/.rbenv/versions/2.2.3/lib/ruby/gems/2.2.0/gems/turbolinks-source-5.0.0/lib/assets/javascripts):
     6: 
     7:     <title><%= content_for?(:title) ? yield(:title) : "I Love Lola Database" %></title>
     8: 
     9:     <%= stylesheet_link_tag    "application" %>
    10:     <%= javascript_include_tag "vendor/modernizr" %>
    11:     <%= javascript_include_tag "application", 'data-turbolinks-track' => true %>
    12:     <%= csrf_meta_tags %>
  app/assets/stylesheets/foundation_and_overrides.scss:58
  app/views/layouts/application.html.erb:9:in `_app_views_layouts_application_html_erb__769560977353877057_70213325529920'


  Rendered /Users/Caroline/.rbenv/versions/2.2.3/lib/ruby/gems/2.2.0/gems/actionpack-4.2.6/lib/action_dispatch/middleware/templates/rescues/_source.erb (6.3ms)
  Rendered /Users/Caroline/.rbenv/versions/2.2.3/lib/ruby/gems/2.2.0/gems/actionpack-4.2.6/lib/action_dispatch/middleware/templates/rescues/_trace.html.erb (2.4ms)
  Rendered /Users/Caroline/.rbenv/versions/2.2.3/lib/ruby/gems/2.2.0/gems/actionpack-4.2.6/lib/action_dispatch/middleware/templates/rescues/_request_and_response.html.erb (0.7ms)
  Rendered /Users/Caroline/.rbenv/versions/2.2.3/lib/ruby/gems/2.2.0/gems/actionpack-4.2.6/lib/action_dispatch/middleware/templates/rescues/template_error.html.erb within rescues/layout (55.4ms)
  Rendered /Users/Caroline/.rbenv/versions/2.2.3/lib/ruby/gems/2.2.0/gems/web-console-2.3.0/lib/web_console/templates/_markup.html.erb (0.3ms)
  Rendered /Users/Caroline/.rbenv/versions/2.2.3/lib/ruby/gems/2.2.0/gems/web-console-2.3.0/lib/web_console/templates/_inner_console_markup.html.erb within layouts/inlined_string (0.3ms)
  Rendered /Users/Caroline/.rbenv/versions/2.2.3/lib/ruby/gems/2.2.0/gems/web-console-2.3.0/lib/web_console/templates/_prompt_box_markup.html.erb within layouts/inlined_string (0.3ms)
  Rendered /Users/Caroline/.rbenv/versions/2.2.3/lib/ruby/gems/2.2.0/gems/web-console-2.3.0/lib/web_console/templates/style.css.erb within layouts/inlined_string (0.3ms)
  Rendered /Users/Caroline/.rbenv/versions/2.2.3/lib/ruby/gems/2.2.0/gems/web-console-2.3.0/lib/web_console/templates/console.js.erb within layouts/javascript (49.0ms)
  Rendered /Users/Caroline/.rbenv/versions/2.2.3/lib/ruby/gems/2.2.0/gems/web-console-2.3.0/lib/web_console/templates/main.js.erb within layouts/javascript (0.3ms)
  Rendered /Users/Caroline/.rbenv/versions/2.2.3/lib/ruby/gems/2.2.0/gems/web-console-2.3.0/lib/web_console/templates/error_page.js.erb within layouts/javascript (0.5ms)
  Rendered /Users/Caroline/.rbenv/versions/2.2.3/lib/ruby/gems/2.2.0/gems/web-console-2.3.0/lib/web_console/templates/index.html.erb (107.8ms)


Started GET "/" for ::1 at 2016-07-20 14:01:23 +0100
Processing by Rails::WelcomeController#index as HTML
  Rendered /Users/Caroline/.rbenv/versions/2.2.3/lib/ruby/gems/2.2.0/gems/railties-4.2.6/lib/rails/templates/rails/welcome/index.html.erb (0.2ms)
Completed 200 OK in 5ms (Views: 3.7ms | ActiveRecord: 0.0ms)


Started GET "/" for ::1 at 2016-07-20 14:02:21 +0100
Processing by DressesController#index as HTML
  Rendered dresses/index.html.erb within layouts/application (0.1ms)
Completed 200 OK in 186ms (Views: 184.6ms | ActiveRecord: 0.0ms)


Started GET "/assets/dresses.self-e3b0c44298fc1c149afbf4c8996fb92427ae41e4649b934ca495991b7852b855.css?body=1" for ::1 at 2016-07-20 14:02:21 +0100


Started GET "/assets/foundation.min.self-35376cedab550837a894b5336dc978e65c7880960efa135709a5f5c02d874077.css?body=1" for ::1 at 2016-07-20 14:02:21 +0100


Started GET "/assets/application.self-e80e8f2318043e8af94dddc2adad5a4f09739a8ebb323b3ab31cd71d45fd9113.css?body=1" for ::1 at 2016-07-20 14:02:21 +0100


Started GET "/assets/normalize.self-d5ea698602f0ff8f924905fb7988daac5a4944531d1baf5319266ba612a16d6a.css?body=1" for ::1 at 2016-07-20 14:02:21 +0100


Started GET "/assets/jquery_ujs.self-e87806d0cf4489aeb1bb7288016024e8de67fd18db693fe026fe3907581e53cd.js?body=1" for ::1 at 2016-07-20 14:02:21 +0100


Started GET "/assets/jquery.self-660adc51e0224b731d29f575a6f1ec167ba08ad06ed5deca4f1e8654c135bf4c.js?body=1" for ::1 at 2016-07-20 14:02:21 +0100


Started GET "/assets/turbolinks.self-c5acd7a204f5f25ce7a1d8a0e4d92e28d34c9e2df2c7371cd7af88e147e4ad82.js?body=1" for ::1 at 2016-07-20 14:02:21 +0100


Started GET "/assets/dresses.self-877aef30ae1b040ab8a3aba4e3e309a11d7f2612f44dde450b5c157aa5f95c05.js?body=1" for ::1 at 2016-07-20 14:02:21 +0100


Started GET "/assets/foundation.min.self-57f8cdb550b449186f2342f00dcd6859db87afd5c60340fa73aaba5b9666a565.js?body=1" for ::1 at 2016-07-20 14:02:21 +0100


Started GET "/assets/application.self-3b8dabdc891efe46b9a144b400ad69e37d7e5876bdc39dee783419a69d7ca819.js?body=1" for ::1 at 2016-07-20 14:02:21 +0100


Started GET "/" for ::1 at 2016-07-20 14:03:47 +0100
Processing by DressesController#index as HTML
  Rendered dresses/index.html.erb within layouts/application (0.1ms)
Completed 200 OK in 17ms (Views: 15.8ms | ActiveRecord: 0.0ms)


Started GET "/assets/foundation.min.self-35376cedab550837a894b5336dc978e65c7880960efa135709a5f5c02d874077.css?body=1" for ::1 at 2016-07-20 14:03:47 +0100


Started GET "/assets/dresses.self-e3b0c44298fc1c149afbf4c8996fb92427ae41e4649b934ca495991b7852b855.css?body=1" for ::1 at 2016-07-20 14:03:47 +0100


Started GET "/assets/jquery.self-660adc51e0224b731d29f575a6f1ec167ba08ad06ed5deca4f1e8654c135bf4c.js?body=1" for ::1 at 2016-07-20 14:03:47 +0100


Started GET "/assets/application.self-e80e8f2318043e8af94dddc2adad5a4f09739a8ebb323b3ab31cd71d45fd9113.css?body=1" for ::1 at 2016-07-20 14:03:48 +0100


Started GET "/assets/normalize.self-d5ea698602f0ff8f924905fb7988daac5a4944531d1baf5319266ba612a16d6a.css?body=1" for ::1 at 2016-07-20 14:03:48 +0100


Started GET "/assets/jquery_ujs.self-e87806d0cf4489aeb1bb7288016024e8de67fd18db693fe026fe3907581e53cd.js?body=1" for ::1 at 2016-07-20 14:03:48 +0100


Started GET "/assets/turbolinks.self-c5acd7a204f5f25ce7a1d8a0e4d92e28d34c9e2df2c7371cd7af88e147e4ad82.js?body=1" for ::1 at 2016-07-20 14:03:48 +0100


Started GET "/assets/dresses.self-877aef30ae1b040ab8a3aba4e3e309a11d7f2612f44dde450b5c157aa5f95c05.js?body=1" for ::1 at 2016-07-20 14:03:48 +0100


Started GET "/assets/foundation.min.self-57f8cdb550b449186f2342f00dcd6859db87afd5c60340fa73aaba5b9666a565.js?body=1" for ::1 at 2016-07-20 14:03:48 +0100


Started GET "/assets/application.self-3b8dabdc891efe46b9a144b400ad69e37d7e5876bdc39dee783419a69d7ca819.js?body=1" for ::1 at 2016-07-20 14:03:48 +0100
